20;omnis;;Medium,Large;775.00;3.00;Libero eum debitis perferendis doloribus quo tempora officiis.;false;913
89;qui;;Small,Large;44.00;44.00;Molestiae at doloribus sapiente et.;false;14168
9;iusto;ivory;Small,Large,XL;991.00;991.00;Distinctio quaerat ullam nam qui officia nobis dolore impedit.;false;352
36;asperiores;ivory;Large,XL;925.00;146.00;Rerum aliquid debitis quod sapiente et dolores sit assumenda in.;false;6946
50;deleniti;ivory;Small,Medium,Large,XL;680.00;238.00;Debitis quam quo sed delectus aut vero temporibus soluta fuga.;false;1607
59;asperiores;ivory;Small,Medium,Large,XL;27.00;27.00;Ut dolore ut temporibus voluptates ut.;false;620
69;itaque;ivory;Small,Medium,Large,XL;232.00;232.00;Sunt quidem aut qui autem et vel voluptatem.;false;8991
57;doloremque;fuchsia,plum,magenta;Small,Medium,XL;898.00;898.00;Fugit rerum voluptatum iste.;false;11855
86;est;mint green;Small,Medium,Large,XL;727.00;172.00;Doloribus blanditiis voluptatem vero.;false;8579
82;reprehenderit;pink,grey;Small,Medium,Large,XL;768.00;355.00;Sint asperiores hic porro a alias maxime.;false;0
91;fuga;mint green,fuchsia;Small,Medium,Large,XL;139.00;139.00;Vel numquam pariatur.;false;0
62;ut;fuchsia,blue,orchid;Small,Medium,Large;414.00;102.00;Aliquam aperiam dicta odio eum molestiae nisi.;false;0
51;laudantium;magenta;Medium,Large,XL;927.00;927.00;Suscipit vero voluptate.;false;0
61;est;magenta;Small,Medium;799.00;799.00;Iure velit placeat id labore est adipisci delectus velit in.;false;8374
100;optio;indigo,orchid;Small,Large,XL;166.00;15.00;Non dolorem corrupti voluptatem.;false;0
48;dignissimos;sky blue,silver;Small,Medium,Large,XL;810.00;54.00;Molestias nihil cupiditate consequuntur esse hic tempore voluptatem maiores.;false;6846
17;in;blue,olive;Small,Medium,Large,XL;927.00;927.00;Fugiat consequatur incidunt ea a animi non amet harum blanditiis.;false;5604
76;itaque;orchid;Medium,Large;733.00;12.00;Excepturi aut accusamus enim.;false;14608
90;ipsum;orchid;Small,Medium,Large,XL;454.00;402.00;Impedit nostrum reiciendis cupiditate et reprehenderit.;false;11537
92;quo;orchid;Small,Large,XL;548.00;179.00;Eos voluptas occaecati asperiores error minus quia assumenda ut et.;false;3483
23;quos;grey,maroon,mint green;Small,Large,XL;789.00;789.00;Delectus molestiae voluptatem praesentium.;false;12407
1;et;orchid,orange,magenta;Small,Medium,XL;513.00;513.00;Eos ipsum amet quis corporis optio perspiciatis asperiores.;false;11514
35;ea;silver,azure,green;Medium,Large,XL;239.00;239.00;Officiis placeat est ad a quia exercitationem.;false;9674
94;quasi;turquoise,purple,cyan;Small,Medium,XL;895.00;346.00;Sed iure ut.;false;3723
97;amet;salmon,blue;Small,Medium,Large,XL;922.00;922.00;Neque voluptatem et est molestias qui ut a eius.;false;13529
25;voluptas;orchid,tan;Small,Medium,Large,XL;704.00;704.00;Officia amet asperiores maiores minima.;false;4717
99;sit;green,fuchsia,magenta;Medium,Large,XL;355.00;355.00;Quia ab reprehenderit corporis.;false;6135
53;neque;turquoise,lime,pink;Small,Medium,Large,XL;372.00;372.00;Asperiores aliquam dolorem modi odit velit quam laboriosam animi et.;false;8079
27;id;red,teal;Small,Medium,Large;459.00;459.00;Ut eaque nisi quis nulla non quia.;false;10737
71;accusamus;;Small,Medium;965.00;965.00;Labore quo natus excepturi vel eius rerum.;false;5631
87;omnis;;Small,Medium;944.00;944.00;Molestias consequatur est.;false;13394
60;et;teal;Small,Medium,XL;680.00;13.00;Similique temporibus a numquam.;false;5073
44;delectus;;Small,Large,XL;756.00;392.00;Illum id nemo molestias aliquid.;false;9812
73;soluta;;Small,Large,XL;878.00;878.00;Vero quod fugit hic aperiam saepe.;false;0
80;suscipit;black,orange,cyan,salmon;Small,Medium,XL;415.00;346.00;Non illo aut veniam nobis dolorem ipsa dicta aut.;false;12658
3;et;;Small,Medium,XL;374.00;374.00;Vel exercitationem facilis quis voluptas ut temporibus commodi minima sunt.;false;0
10;consectetur;;Small,Medium,XL;853.00;500.00;Totam dicta fuga error dolorem eos aliquid mollitia similique.;false;12448
93;ullam;;Small,Medium,XL;142.00;142.00;Veniam deserunt fuga commodi dolorem rerum nemo in nesciunt quas.;false;0
95;vel;;Small,Medium,XL;454.00;454.00;Deserunt qui repudiandae voluptatem quos numquam.;false;7342
46;sed;maroon;Small,Medium,Large,XL;969.00;332.00;Ut fugit numquam cum dicta voluptas id sequi.;false;1423
22;est;maroon,magenta;Medium,Large;337.00;113.00;Qui voluptas voluptas ea animi odio voluptate quia voluptatem.;false;407
96;quas;maroon,magenta;Small,Large;954.00;356.00;Ut voluptatem doloremque quisquam distinctio quibusdam.;false;0
78;impedit;red,magenta,olive,maroon;Small,Medium,Large;727.00;621.00;Tempore quia minus ut harum molestias.;false;6927
7;id;purple,magenta;Small,Medium,Large,XL;473.00;473.00;Asperiores sequi sed quas maxime deleniti eum aut.;false;3748
14;corporis;grey,violet;Medium,XL;747.00;628.00;Consequatur sed quibusdam.;false;1559
43;et;blue;Small,Medium,Large,XL;210.00;210.00;Libero quam reiciendis.;false;1964
34;aliquam;grey,black;Small,Medium,XL;569.00;402.00;Tempore saepe inventore qui iure autem est.;false;13978
5;eius;;Large;778.00;778.00;Voluptas voluptas in natus incidunt quia.;false;0
28;dolor;sky blue;Small,Medium,Large,XL;75.00;262.00;Cumque vel facere.;false;10669
41;aut;orange;Small,Medium,Large,XL;913.00;913.00;Iure qui et sit molestiae debitis repudiandae id.;false;8632
8;natus;pink,white,grey;Medium,Large,XL;904.00;5.00;Sit odit dolorem voluptatem error nobis fuga animi.;false;11292
21;cumque;salmon;Small,Medium;435.00;435.00;Dolores ullam qui omnis placeat.;false;3152
29;quasi;salmon;Medium,Large,XL;808.00;808.00;Nihil ut nostrum ut autem assumenda aut sunt delectus.;false;7370
30;alias;salmon;Medium,Large,XL;62.00;350.00;Ut atque reprehenderit sunt dolorem sint laboriosam voluptatum quis corporis.;false;854
74;aut;white;Small,Medium,Large;929.00;397.00;Ut dolorem ut et molestias.;false;0
98;eaque;cyan,orange;Small,Medium,Large,XL;971.00;309.00;Perspiciatis commodi voluptatem occaecati nisi voluptas repellendus quis.;false;13411
88;quidem;silver;Small,Medium,Large,XL;769.00;34.00;Nihil dolorem sapiente placeat sapiente.;false;0
24;sapiente;maroon,orange;Small,Medium,Large,XL;868.00;261.00;Corporis nesciunt facere eos nemo.;false;14875
56;at;sky blue,black;Medium,Large,XL;576.00;251.00;Iure non placeat ut repellat et corrupti ex in sed.;false;0
65;et;pink;Medium,Large,XL;814.00;814.00;Voluptatem molestias maiores.;false;0
2;ut;fuchsia;Small,Medium,Large,XL;261.00;197.00;Id debitis voluptatem magni architecto repellat.;false;5372
77;dolorum;mint green,red,tan;Small,Large,XL;546.00;546.00;Atque optio ex.;false;0
15;recusandae;lime,blue,purple,lavender;Small,Medium,XL;72.00;72.00;Voluptatem et cupiditate rem.;false;4045
37;quibusdam;pink,cyan;Small,Medium;402.00;402.00;In et assumenda aliquid eum rerum.;false;2578
63;et;olive,mint green;Small,Medium,Large,XL;308.00;308.00;Consequatur vero quam sunt rerum neque aspernatur et.;false;5361
55;sed;yellow,mint green;Medium,Large,XL;710.00;710.00;Quia dolor est quasi fugit eveniet ut itaque architecto.;false;5820
83;minima;blue,tan,salmon;Medium,XL;595.00;595.00;Sapiente tempore doloribus aut praesentium eveniet quos eos.;false;0
13;voluptas;violet;Small,Large,XL;402.00;402.00;Dolor expedita ut.;false;0
18;quidem;violet;Small,Medium,Large,XL;536.00;321.00;Sit eum dolor aliquid sit ipsam.;false;3702
85;aspernatur;violet,orange;Small,Medium,Large;796.00;796.00;Alias aperiam aut iusto blanditiis.;false;5634
12;dolor;olive,azure,black,green,maroon;Small,Medium,Large;24.00;22.00;Rerum suscipit et qui et culpa reiciendis velit est provident.;false;7241
4;autem;teal,plum,maroon,blue;Small,Medium,Large,XL;787.00;557.00;Minima sapiente sit ut ipsum atque totam.;false;5974
38;nihil;magenta,mint green,silver;Small,Medium,Large,XL;580.00;17.00;Sed repellendus enim.;false;0
49;dignissimos;violet,grey;Small,Medium,Large;147.00;147.00;Natus est laboriosam et hic.;false;13672
6;molestiae;lime,lavender,mint green;Medium,Large,XL;775.00;757.00;Aut nam iure blanditiis mollitia saepe.;false;14576
19;et;maroon,mint green,turquoise;Small,Medium,Large,XL;589.00;589.00;Autem tempore iste vero quibusdam.;false;9853
68;quae;green,purple;Small,Medium,XL;603.00;491.00;Illum velit deserunt fugit iure consequatur voluptas ea quae alias.;false;0
40;quod;;Small,Medium,Large;763.00;483.00;Recusandae saepe aliquam laboriosam sunt accusamus.;false;6920
45;est;;Small,Medium,Large;34.00;34.00;Quam quibusdam eum perspiciatis molestiae fuga.;false;11047
81;aperiam;;Small,Medium,Large;765.00;765.00;Exercitationem ut inventore.;false;9389
70;quia;orange,red,blue,mint green;Small,Medium,XL;907.00;386.00;Provident rerum rerum dolor suscipit fugiat velit voluptatem molestiae.;false;13088
79;nihil;red,salmon,lime;Medium,Large;150.00;150.00;Enim omnis ea recusandae accusamus quia minus ut.;false;11130
11;tempora;black,teal,cyan;Medium,Large,XL;364.00;364.00;Nobis assumenda sequi autem voluptatum non doloribus sit.;false;3931
84;iste;pink,tan;Small,Large,XL;610.00;350.00;Quo est nobis.;false;0
47;eaque;cyan;Small,Medium,Large,XL;492.00;492.00;Velit dolore hic qui assumenda nihil sed et omnis.;false;12277
31;veniam;fuchsia,tan,salmon;Small,Medium,Large;213.00;213.00;Veritatis eum alias.;false;3714
75;qui;indigo;Small,Large,XL;16.00;16.00;Incidunt ea tempora.;false;14387
32;vel;cyan,indigo;Small,Large,XL;316.00;259.00;Voluptas officia ea in aperiam ut sapiente.;false;10426
67;et;tan;Small,Medium,Large,XL;798.00;798.00;Necessitatibus et cum nostrum consequatur voluptatem.;false;4809
39;quae;violet,ivory,lime,fuchsia;Small,Medium,Large,XL;825.00;825.00;Tempora dolores rem corporis dolores ut.;false;3240
33;est;violet,blue;Small,Large;108.00;108.00;Culpa qui reiciendis hic quo.;false;13130
26;laboriosam;black,yellow;Small,Large,XL;826.00;169.00;Tempora non omnis sed est quis voluptatem.;false;7705
66;officia;black;Small,Large,XL;449.00;403.00;Temporibus non dignissimos.;false;0
58;veniam;purple,lavender,orange;Small,Medium,Large,XL;778.00;308.00;Sequi soluta sit accusamus placeat ut placeat et voluptatem.;false;9827
52;doloribus;cyan,orchid;Small,Medium,Large,XL;828.00;398.00;Et ab nesciunt sit et aliquid eum molestiae.;false;9795
42;et;;Small,Medium,Large,XL;717.00;153.00;Nihil vel sed dignissimos aut et non consequuntur quae aut.;false;11954
54;rerum;;Small,Medium,Large,XL;255.00;203.00;Et eaque perferendis.;false;1303
64;debitis;;Small,Medium,Large,XL;543.00;146.00;Reprehenderit voluptatibus ut excepturi hic quae fuga.;false;0
72;rerum;;Small,Medium,Large,XL;28.00;140.00;Sit non omnis et.;false;7
16;rem;;Medium,Large,XL;843.00;406.00;Molestiae dolores et distinctio hic rerum.;false;13740
